<?xml version="1.0" encoding="UTF-8"?>
<!-- Generated by org.testng.reporters.JUnitXMLReporter -->
<testsuite hostname="z-mac.local" ignored="0" name="basic components" tests="2" failures="0" timestamp="23 Jun 2022 02:37:15 GMT" time="14.234" errors="0">
  <testcase name="checkPresenceOfLoginPageComponents" time="0.228" classname="com.saucedemo.BasicComponentsTest"/>
  <testcase name="checkUserLandsOnTheRightWebsite" time="1.73" classname="com.saucedemo.BasicComponentsTest"/>
</testsuite> <!-- basic components -->
