<?xml version="1.0" encoding="UTF-8"?>
<testng-results ignored="0" total="1" passed="1" failed="0" skipped="0">
  <reporter-output>
    <line>
      <![CDATA[Extent Report Directory/Users/nacer-zimu/IdeaProjects/eat-mai22-web-automation-framework/target/surefire-reports/html]]>
    </line>
  </reporter-output>
  <suite started-at="2022-06-23T22:25:59Z" name="saucedemo test" finished-at="2022-06-23T22:26:07Z" duration-ms="8853">
    <groups>
    </groups>
    <test started-at="2022-06-23T22:25:59Z" name="login" finished-at="2022-06-23T22:26:07Z" duration-ms="8853">
      <class name="com.saucedemo.LoginTest">
        <test-method is-config="true" signature="extentSetup(org.testng.ITestContext)[pri:0, instance:com.saucedemo.LoginTest@27953a83]" started-at="2022-06-23T22:25:58Z" name="extentSetup" finished-at="2022-06-23T22:25:59Z" duration-ms="219" status="PASS">
          <params>
            <param index="0">
              <value>
                <![CDATA[org.testng.TestRunner@15986dd5]]>
              </value>
            </param>
          </params>
          <reporter-output>
            <line>
              <![CDATA[Extent Report Directory/Users/nacer-zimu/IdeaProjects/eat-mai22-web-automation-framework/target/surefire-reports/html]]>
            </line>
          </reporter-output>
        </test-method> <!-- extentSetup -->
        <test-method is-config="true" signature="setUp(boolean, java.lang.String, java.lang.String, java.lang.String, java.lang.String, java.lang.String, java.lang.String)[pri:0, instance:com.saucedemo.LoginTest@27953a83]" started-at="2022-06-23T22:25:59Z" name="setUp" finished-at="2022-06-23T22:26:05Z" duration-ms="6529" status="PASS">
          <params>
            <param index="0">
              <value>
                <![CDATA[false]]>
              </value>
            </param>
            <param index="1">
              <value>
                <![CDATA[browserstack]]>
              </value>
            </param>
            <param index="2">
              <value>
                <![CDATA[OS X]]>
              </value>
            </param>
            <param index="3">
              <value>
                <![CDATA[Sierra]]>
              </value>
            </param>
            <param index="4">
              <value>
                <![CDATA[chrome]]>
              </value>
            </param>
            <param index="5">
              <value>
                <![CDATA[100]]>
              </value>
            </param>
            <param index="6">
              <value>
                <![CDATA[https://www.saucedemo.com/]]>
              </value>
            </param>
          </params>
          <reporter-output>
          </reporter-output>
        </test-method> <!-- setUp -->
        <test-method is-config="true" signature="startExtent(java.lang.reflect.Method)[pri:0, instance:com.saucedemo.LoginTest@27953a83]" started-at="2022-06-23T22:26:05Z" name="startExtent" finished-at="2022-06-23T22:26:05Z" duration-ms="11" status="PASS">
          <params>
            <param index="0">
              <value>
                <![CDATA[public void com.saucedemo.LoginTest.loginWithInvalidUsername()]]>
              </value>
            </param>
          </params>
          <reporter-output>
          </reporter-output>
        </test-method> <!-- startExtent -->
        <test-method signature="loginWithInvalidUsername()[pri:0, instance:com.saucedemo.LoginTest@27953a83]" started-at="2022-06-23T22:26:05Z" name="loginWithInvalidUsername" finished-at="2022-06-23T22:26:07Z" duration-ms="1821" status="PASS">
          <reporter-output>
          </reporter-output>
        </test-method> <!-- loginWithInvalidUsername -->
        <test-method is-config="true" signature="afterEachTestMethod(org.testng.ITestResult)[pri:0, instance:com.saucedemo.LoginTest@27953a83]" started-at="2022-06-23T22:26:07Z" name="afterEachTestMethod" finished-at="2022-06-23T22:26:07Z" duration-ms="481" status="PASS">
          <params>
            <param index="0">
              <value>
                <![CDATA[[TestResult name=loginWithInvalidUsername status=SUCCESS method=LoginTest.loginWithInvalidUsername()[pri:0, instance:com.saucedemo.LoginTest@27953a83] output={null}]]]>
              </value>
            </param>
          </params>
          <reporter-output>
          </reporter-output>
        </test-method> <!-- afterEachTestMethod -->
        <test-method is-config="true" signature="generateReport()[pri:0, instance:com.saucedemo.LoginTest@27953a83]" started-at="2022-06-23T22:26:08Z" name="generateReport" finished-at="2022-06-23T22:26:08Z" duration-ms="45" status="PASS">
          <reporter-output>
          </reporter-output>
        </test-method> <!-- generateReport -->
      </class> <!-- com.saucedemo.LoginTest -->
    </test> <!-- login -->
  </suite> <!-- saucedemo test -->
</testng-results>
